<?xml version="1.0" encoding="UTF-8"?>
<!-- Generated by org.testng.reporters.JUnitReportReporter -->
<testsuite skipped="0" hostname="ADMIN-PC" name="testSuite.Runner" tests="6" failures="0" timestamp="2021-07-10T17:41:22 IST" time="121.362" errors="0">
  <testcase name="runScenario" time="48.125" classname="testSuite.Runner"/>
  <system-out/>
  <testcase name="runScenario" time="14.650" classname="testSuite.Runner"/>
  <system-out/>
  <testcase name="runScenario" time="13.492" classname="testSuite.Runner"/>
  <system-out/>
  <testcase name="runScenario" time="17.499" classname="testSuite.Runner"/>
  <system-out/>
  <testcase name="runScenario" time="18.562" classname="testSuite.Runner"/>
  <system-out/>
  <testcase name="runScenario" time="9.034" classname="testSuite.Runner"/>
  <system-out/>
</testsuite> <!-- testSuite.Runner -->
