<?xml version="1.0" encoding="UTF-8"?>
<!-- Generated by org.testng.reporters.JUnitXMLReporter -->
<testsuite hostname="ADMIN-PC" ignored="0" name="Test(failed)" tests="10" failures="10" timestamp="2021-07-17T21:50:49 IST" time="3.953" errors="0">
  <testcase name="runScenario" time="0.811" classname="io.cucumber.testng.AbstractTestNGCucumberTests">
    <failure type="java.lang.NullPointerException">
      <![CDATA[java.lang.NullPointerException
at pages.HomePage.isHomeDisplyed(HomePage.java:105)
at testSuite.StepDefinations_Contacts.user_is_on_Dashboard(StepDefinations_Contacts.java:16)
at ✽.User Salesforce Dashboard Page(file:///C:/Users/veeresh/git/repository/Saleforce/src/test/java/testSuite/Contacts.feature:6)
]]>
    </failure>
  </testcase> <!-- runScenario -->
  <testcase name="runScenario" time="0.089" classname="io.cucumber.testng.AbstractTestNGCucumberTests">
    <failure type="java.lang.NullPointerException">
      <![CDATA[java.lang.NullPointerException
at pages.LoginPage.validateurl(LoginPage.java:89)
at testSuite.StepDefinations_Login.user_is_on_salesforce_login_page(StepDefinations_Login.java:15)
at ✽.User is on salesforce Login Page(file:///C:/Users/veeresh/git/repository/Saleforce/src/test/java/testSuite/Login.feature:6)
]]>
    </failure>
  </testcase> <!-- runScenario -->
  <testcase name="runScenario" time="0.086" classname="io.cucumber.testng.AbstractTestNGCucumberTests">
    <failure type="java.lang.NullPointerException">
      <![CDATA[java.lang.NullPointerException
at pages.HomePage.isHomeDisplyed(HomePage.java:105)
at testSuite.StepDefinations_Contacts.user_is_on_Dashboard(StepDefinations_Contacts.java:16)
at ✽.User Salesforce Dashboard Page(file:///C:/Users/veeresh/git/repository/Saleforce/src/test/java/testSuite/Logout.feature:5)
]]>
    </failure>
  </testcase> <!-- runScenario -->
  <testcase name="runScenario" time="0.169" classname="io.cucumber.testng.AbstractTestNGCucumberTests">
    <failure type="java.lang.NullPointerException">
      <![CDATA[java.lang.NullPointerException
at pages.HomePage.isHomeDisplyed(HomePage.java:105)
at testSuite.StepDefinations_Leads.user_is_on_salesforce_dashboard_page(StepDefinations_Leads.java:28)
at ✽.User is on salesforce Dashboard Page(file:///C:/Users/veeresh/git/repository/Saleforce/src/test/java/testSuite/Leads.feature:6)
]]>
    </failure>
  </testcase> <!-- runScenario -->
  <testcase name="runScenario" time="0.071" classname="io.cucumber.testng.AbstractTestNGCucumberTests">
    <failure type="java.lang.NullPointerException">
      <![CDATA[java.lang.NullPointerException
at pages.HomePage.isNewleadFormDisplyed(HomePage.java:86)
at testSuite.StepDefinations_Leads.user_is_on_load_form_page(StepDefinations_Leads.java:45)
at ✽.User is on load form page(file:///C:/Users/veeresh/git/repository/Saleforce/src/test/java/testSuite/Leads.feature:12)
]]>
    </failure>
  </testcase> <!-- runScenario -->
  <testcase name="runScenario" time="0.073" classname="io.cucumber.testng.AbstractTestNGCucumberTests">
    <failure type="java.lang.NullPointerException">
      <![CDATA[java.lang.NullPointerException
at pages.EditLead.isEditLead_Displayed(EditLead.java:26)
at testSuite.StepDefinations_Leads.user_is_on_present_saved_lead_deatils_page(StepDefinations_Leads.java:83)
at ✽.User is on   Present Saved Lead Deatils Page(file:///C:/Users/veeresh/git/repository/Saleforce/src/test/java/testSuite/Leads.feature:22)
]]>
    </failure>
  </testcase> <!-- runScenario -->
  <testcase name="runScenario" time="0.076" classname="io.cucumber.testng.AbstractTestNGCucumberTests">
    <failure type="java.lang.NullPointerException">
      <![CDATA[java.lang.NullPointerException
at pages.EditLead.isEditLead_Displayed(EditLead.java:26)
at testSuite.StepDefinations_Leads.user_is_on_present_saved_lead_deatils_page(StepDefinations_Leads.java:83)
at ✽.User is on   Present Saved Lead Deatils Page(file:///C:/Users/veeresh/git/repository/Saleforce/src/test/java/testSuite/Leads.feature:34)
]]>
    </failure>
  </testcase> <!-- runScenario -->
  <testcase name="runScenario" time="0.048" classname="io.cucumber.testng.AbstractTestNGCucumberTests">
    <failure type="java.lang.NullPointerException">
      <![CDATA[java.lang.NullPointerException
at pages.HomePage.isHomeDisplyed(HomePage.java:105)
at testSuite.StepDefinations_Leads.user_is_on_salesforce_dashboard_page(StepDefinations_Leads.java:28)
at ✽.User is on salesforce Dashboard Page(file:///C:/Users/veeresh/git/repository/Saleforce/src/test/java/testSuite/Leads.feature:54)
]]>
    </failure>
  </testcase> <!-- runScenario -->
  <testcase name="runScenario" time="0.093" classname="io.cucumber.testng.AbstractTestNGCucumberTests">
    <failure type="java.lang.NullPointerException">
      <![CDATA[java.lang.NullPointerException
at pages.HomePage.isHomeDisplyed(HomePage.java:105)
at testSuite.StepDefinations_Leads.user_is_on_salesforce_dashboard_page(StepDefinations_Leads.java:28)
at ✽.User is on salesforce Dashboard Page(file:///C:/Users/veeresh/git/repository/Saleforce/src/test/java/testSuite/Leads.feature:66)
]]>
    </failure>
  </testcase> <!-- runScenario -->
  <testcase name="runScenario" time="0.053" classname="io.cucumber.testng.AbstractTestNGCucumberTests">
    <failure type="java.lang.NullPointerException">
      <![CDATA[java.lang.NullPointerException
at pages.HomePage.isHomeDisplyed(HomePage.java:105)
at testSuite.StepDefinations_Leads.user_is_on_salesforce_dashboard_page(StepDefinations_Leads.java:28)
at ✽.User is on salesforce Dashboard Page(file:///C:/Users/veeresh/git/repository/Saleforce/src/test/java/testSuite/Leads.feature:91)
]]>
    </failure>
  </testcase> <!-- runScenario -->
</testsuite> <!-- Test(failed) -->
