<?xml version="1.0" encoding="UTF-8"?>
<!-- Generated by org.testng.reporters.JUnitXMLReporter -->
<testsuite hostname="ADMIN-PC" ignored="0" name="Default test" tests="1" failures="1" timestamp="2021-10-04T04:33:43 PDT" time="1.679" errors="0">
  <testcase name="runScenario" time="0.555" classname="io.cucumber.testng.AbstractTestNGCucumberTests">
    <failure type="java.lang.NullPointerException">
      <![CDATA[java.lang.NullPointerException
at pages.LoginPage.validateurl(LoginPage.java:103)
at testSuite.StepDefinations_Login.user_is_on_salesforce_login_page(StepDefinations_Login.java:17)
at ✽.User is on salesforce Login Page(file:///C:/Users/admin/git/salesforce/Saleforce/src/test/java/testSuite/Login.feature:6)
]]>
    </failure>
  </testcase> <!-- runScenario -->
</testsuite> <!-- Default test -->
