<?xml version="1.0" encoding="UTF-8"?>
<testng-results skipped="0" failed="0" ignored="0" total="2" passed="2">
  <reporter-output>
  </reporter-output>
  <suite name="chrome" duration-ms="61970" started-at="2021-10-03T20:45:12 PDT" finished-at="2021-10-03T20:46:14 PDT">
    <groups>
      <group name="cucumber">
        <method signature="AbstractTestNGCucumberTests.runScenario(io.cucumber.testng.PickleWrapper,io.cucumber.testng.FeatureWrapper)[pri:0, instance:testSuite.Login_Runner@18314f0]" name="runScenario" class="io.cucumber.testng.AbstractTestNGCucumberTests"/>
        <method signature="AbstractTestNGCucumberTests.runScenario(io.cucumber.testng.PickleWrapper,io.cucumber.testng.FeatureWrapper)[pri:0, instance:testSuite.Logout_Runner@1f32bf7]" name="runScenario" class="io.cucumber.testng.AbstractTestNGCucumberTests"/>
      </group> <!-- cucumber -->
    </groups>
    <test name="Test" duration-ms="61970" started-at="2021-10-03T20:45:12 PDT" finished-at="2021-10-03T20:46:14 PDT">
      <class name="testSuite.Login_Runner">
        <test-method status="PASS" signature="setUpClass()[pri:0, instance:testSuite.Login_Runner@18314f0]" name="setUpClass" is-config="true" duration-ms="2173" started-at="2021-10-03T20:45:12 PDT" finished-at="2021-10-03T20:45:14 PDT">
          <reporter-output>
          </reporter-output>
        </test-method> <!-- setUpClass -->
        <test-method status="PASS" signature="runScenario(io.cucumber.testng.PickleWrapper,io.cucumber.testng.FeatureWrapper)[pri:0, instance:testSuite.Login_Runner@18314f0]" name="runScenario" duration-ms="49758" started-at="2021-10-03T20:45:14 PDT" description="Runs Cucumber Scenarios" data-provider="scenarios" finished-at="2021-10-03T20:46:04 PDT">
          <params>
            <param index="0">
              <value>
                <![CDATA["Launch Salesforce site and Login"]]>
              </value>
            </param>
            <param index="1">
              <value>
                <![CDATA["Optional[validate Login functionality]"]]>
              </value>
            </param>
          </params>
          <reporter-output>
          </reporter-output>
        </test-method> <!-- runScenario -->
        <test-method status="PASS" signature="tearDownClass()[pri:0, instance:testSuite.Login_Runner@18314f0]" name="tearDownClass" is-config="true" duration-ms="81" started-at="2021-10-03T20:46:04 PDT" finished-at="2021-10-03T20:46:04 PDT">
          <reporter-output>
          </reporter-output>
        </test-method> <!-- tearDownClass -->
      </class> <!-- testSuite.Login_Runner -->
      <class name="testSuite.Logout_Runner">
        <test-method status="PASS" signature="setUpClass()[pri:0, instance:testSuite.Logout_Runner@1f32bf7]" name="setUpClass" is-config="true" duration-ms="25" started-at="2021-10-03T20:46:04 PDT" finished-at="2021-10-03T20:46:04 PDT">
          <reporter-output>
          </reporter-output>
        </test-method> <!-- setUpClass -->
        <test-method status="PASS" signature="runScenario(io.cucumber.testng.PickleWrapper,io.cucumber.testng.FeatureWrapper)[pri:0, instance:testSuite.Logout_Runner@1f32bf7]" name="runScenario" duration-ms="9827" started-at="2021-10-03T20:46:04 PDT" description="Runs Cucumber Scenarios" data-provider="scenarios" finished-at="2021-10-03T20:46:14 PDT">
          <params>
            <param index="0">
              <value>
                <![CDATA["Logout from Sales from Dashboard"]]>
              </value>
            </param>
            <param index="1">
              <value>
                <![CDATA["Optional[validate Logout functionality]"]]>
              </value>
            </param>
          </params>
          <reporter-output>
          </reporter-output>
        </test-method> <!-- runScenario -->
        <test-method status="PASS" signature="tearDownClass()[pri:0, instance:testSuite.Logout_Runner@1f32bf7]" name="tearDownClass" is-config="true" duration-ms="40" started-at="2021-10-03T20:46:14 PDT" finished-at="2021-10-03T20:46:14 PDT">
          <reporter-output>
          </reporter-output>
        </test-method> <!-- tearDownClass -->
      </class> <!-- testSuite.Logout_Runner -->
      <class name="base.Base">
        <test-method status="PASS" signature="reportintialize()[pri:0, instance:base.Base@438a68]" name="reportintialize" is-config="true" duration-ms="13222" started-at="2021-10-03T20:44:58 PDT" finished-at="2021-10-03T20:45:12 PDT">
          <reporter-output>
          </reporter-output>
        </test-method> <!-- reportintialize -->
        <test-method status="PASS" signature="CloseDriver()[pri:0, instance:base.Base@438a68]" name="CloseDriver" is-config="true" duration-ms="1014" started-at="2021-10-03T20:46:14 PDT" finished-at="2021-10-03T20:46:15 PDT">
          <reporter-output>
          </reporter-output>
        </test-method> <!-- CloseDriver -->
      </class> <!-- base.Base -->
    </test> <!-- Test -->
  </suite> <!-- chrome -->
</testng-results>
